<?xml version="1.0" encoding="UTF-8"?>
<!-- Generated by org.testng.reporters.JUnitXMLReporter -->
<testsuite ignored="1" hostname="Denish" failures="0" tests="16" name="RegressionTesting" time="1.241" errors="0" timestamp="2023-08-11T10:57:13 IST">
  <testcase classname="learnTestNG.TestCaseExecutionWithPreAndPostCondition" name="@BeforeMethod PreCondition" time="1.135">
    <failure type="org.openqa.selenium.remote.NoSuchDriverException" message="Unable to obtain: Capabilities {browserName: chrome, goog:chromeOptions: {args: [--remote-allow-origins=*], extensions: []}}">
      <![CDATA[org.openqa.selenium.remote.NoSuchDriverException: Unable to obtain: Capabilities {browserName: chrome, goog:chromeOptions: {args: [--remote-allow-origins=*], extensions: []}}
at org.openqa.selenium.remote.service.DriverFinder.getPath(DriverFinder.java:29)
at org.openqa.selenium.chrome.ChromeDriver.generateExecutor(ChromeDriver.java:98)
at org.openqa.selenium.chrome.ChromeDriver.<init>(ChromeDriver.java:87)
at org.openqa.selenium.chrome.ChromeDriver.<init>(ChromeDriver.java:82)
at org.openqa.selenium.chrome.ChromeDriver.<init>(ChromeDriver.java:50)
at learnTestNG.TestCaseExecutionWithPreAndPostCondition.PreCondition(TestCaseExecutionWithPreAndPostCondition.java:15)
at java.base/java.util.ArrayList.forEach(ArrayList.java:1511)
Caused by: org.openqa.selenium.WebDriverException: Unsuccessful command executed: [C:\Users\denis\AppData\Local\Temp\selenium-manager21149711298576995962521763636695374\selenium-manager.exe, --browser, chrome, --output, json]
error sending request for url (https://chromedriver.storage.googleapis.com/LATEST_RELEASE_115): error trying to connect: dns error: No such host is known. (os error 11001)
Build info: version: '4.10.0', revision: 'c14d967899'
System info: os.name: 'Windows 11', os.arch: 'amd64', os.version: '10.0', java.version: '19.0.1'
Driver info: driver.version: ChromeDriver
at org.openqa.selenium.manager.SeleniumManager.runCommand(SeleniumManager.java:130)
at org.openqa.selenium.manager.SeleniumManager.getDriverPath(SeleniumManager.java:251)
at org.openqa.selenium.remote.service.DriverFinder.getPath(DriverFinder.java:27)
... 35 more
... Removed 29 stack frames]]>
    </failure>
  </testcase> <!-- @BeforeMethod PreCondition -->
  <testcase classname="learnTestNG.TestCaseExecutionWithPreAndPostCondition" name="@AfterMethod PostCondition" time="-1.691731633319E9">
    <skipped/>
  </testcase> <!-- @AfterMethod PostCondition -->
  <testcase classname="learnTestNG.TestCaseExecutionWithPreAndPostCondition" name="@BeforeMethod PreCondition" time="-1.691731633322E9">
    <skipped/>
  </testcase> <!-- @BeforeMethod PreCondition -->
  <testcase classname="learnTestNG.TestCaseExecutionWithPreAndPostCondition" name="@AfterMethod PostCondition" time="-1.691731633326E9">
    <skipped/>
  </testcase> <!-- @AfterMethod PostCondition -->
  <testcase classname="learnTestNG.TestCaseExecutionWithPreAndPostCondition" name="clickOnCallsTask" time="0.0">
    <skipped/>
  </testcase> <!-- clickOnCallsTask -->
  <testcase classname="learnTestNG.TestCaseExecutionWithPreAndPostCondition" name="searchForTask" time="0.0">
    <skipped/>
  </testcase> <!-- searchForTask -->
  <testcase classname="learnTestNG.ModualName" name="testCaseName" time="0.001"/>
  <testcase classname="learnTestNG.KGF" name="suryavardhan" time="0.001"/>
  <testcase classname="learnTestNG.KGF" name="garuda" time="0.001"/>
  <testcase classname="learnTestNG.KGF" name="rocky" time="0.001"/>
  <testcase classname="learnTestNG.KGF" name="rocky" time="0.0"/>
  <testcase classname="learnTestNG.KGF" name="rocky" time="0.001"/>
  <testcase classname="learnTestNG.KGF" name="rocky" time="0.001"/>
  <testcase classname="learnTestNG.KGF" name="rocky" time="0.0"/>
  <testcase classname="learnTestNG.KGF" name="rocky" time="0.001"/>
  <testcase classname="learnTestNG.KGF" name="rocky" time="0.001"/>
  <testcase classname="learnTestNG.KGF" name="adheera" time="0.001"/>
  <testcase classname="learnTestNG.KGF" name="mumbaishetty" time="0.0"/>
  <testcase classname="learnTestNG.KGF" name="rajendradesai" time="0.001"/>
  <testcase classname="learnTestNG.KGF" name="rameekasen" time="0.0"/>
  <testcase classname="learnTestNG.KGF" name="vaanaran" time="0.0">
    <ignored/>
  </testcase> <!-- vaanaran -->
</testsuite> <!-- RegressionTesting -->
